<?xml version="1.0" encoding="UTF-8"?>
<!-- Generated by org.testng.reporters.JUnitReportReporter -->
<testsuite hostname="DESKTOP-OM7JNCE" failures="0" tests="1" name="Runner2.Demo5Runner" time="0.216" errors="0" timestamp="2023-10-01T23:20:32 IST" skipped="0">
  <testcase classname="Runner2.Demo5Runner" name="runScenario" time="0.216"/>
  <system-out/>
</testsuite> <!-- Runner2.Demo5Runner -->
