<?xml version="1.0" encoding="UTF-8"?>
<!-- Generated by org.testng.reporters.JUnitReportReporter -->
<testsuite hostname="DESKTOP-OM7JNCE" failures="0" tests="4" name="Runner.ScenarioOutlineRunner" time="0.175" errors="0" timestamp="2023-08-18T12:24:29 IST" skipped="0">
  <testcase classname="Runner.ScenarioOutlineRunner" name="runScenario" time="0.031"/>
  <system-out/>
  <testcase classname="Runner.ScenarioOutlineRunner" name="runScenario" time="0.047"/>
  <system-out/>
  <testcase classname="Runner.ScenarioOutlineRunner" name="runScenario" time="0.047"/>
  <system-out/>
  <testcase classname="Runner.ScenarioOutlineRunner" name="runScenario" time="0.050"/>
  <system-out/>
</testsuite> <!-- Runner.ScenarioOutlineRunner -->
