<?xml version="1.0" encoding="UTF-8"?>
<!-- Generated by org.testng.reporters.JUnitReportReporter -->
<testsuite hostname="DESKTOP-OM7JNCE" failures="0" tests="1" name="AppTestPack.AppRunnerTest" time="22.683" errors="0" timestamp="2023-10-04T11:18:53 IST" skipped="0">
  <testcase classname="AppTestPack.AppRunnerTest" name="runScenario" time="22.683"/>
  <system-out/>
</testsuite> <!-- AppTestPack.AppRunnerTest -->
