<?xml version="1.0" encoding="UTF-8"?>
<!-- Generated by org.testng.reporters.JUnitReportReporter -->
<testsuite hostname="DESKTOP-OM7JNCE" failures="0" tests="1" name="Runner.LoginWithDataRunner" time="0.038" errors="0" timestamp="2023-08-18T12:24:29 IST" skipped="0">
  <testcase classname="Runner.LoginWithDataRunner" name="runScenario" time="0.038"/>
  <system-out/>
</testsuite> <!-- Runner.LoginWithDataRunner -->
