<?xml version="1.0" encoding="UTF-8"?>
<!-- Generated by org.testng.reporters.JUnitReportReporter -->
<testsuite hostname="DESKTOP-OM7JNCE" failures="0" tests="3" name="Runner.OrdersRunner" time="0.291" errors="0" timestamp="2023-08-20T16:30:58 IST" skipped="0">
  <testcase classname="Runner.OrdersRunner" name="runScenario" time="0.190"/>
  <system-out/>
  <testcase classname="Runner.OrdersRunner" name="runScenario" time="0.051"/>
  <system-out/>
  <testcase classname="Runner.OrdersRunner" name="runScenario" time="0.050"/>
  <system-out/>
</testsuite> <!-- Runner.OrdersRunner -->
