<?xml version="1.0" encoding="UTF-8"?>
<!-- Generated by org.testng.reporters.JUnitReportReporter -->
<testsuite hostname="DESKTOP-OM7JNCE" failures="0" tests="1" name="Runner2.Demo3Runner" time="0.161" errors="0" timestamp="2023-08-21T14:32:37 IST" skipped="0">
  <testcase classname="Runner2.Demo3Runner" name="runScenario" time="0.161"/>
  <system-out/>
</testsuite> <!-- Runner2.Demo3Runner -->
