<?xml version="1.0" encoding="UTF-8"?>
<!-- Generated by org.testng.reporters.JUnitReportReporter -->
<testsuite hostname="DESKTOP-OM7JNCE" failures="0" tests="2" name="Runner.LoginRunner" time="0.243" errors="0" timestamp="2023-08-18T12:24:29 IST" skipped="0">
  <testcase classname="Runner.LoginRunner" name="runScenario" time="0.149"/>
  <system-out/>
  <testcase classname="Runner.LoginRunner" name="runScenario" time="0.094"/>
  <system-out/>
</testsuite> <!-- Runner.LoginRunner -->
