<?xml version="1.0" encoding="UTF-8"?>
<!-- Generated by org.testng.reporters.JUnitReportReporter -->
<testsuite hostname="DESKTOP-OM7JNCE" failures="0" tests="3" name="Runner.ProfilePictureRunner" time="0.395" errors="0" timestamp="2023-08-18T08:59:18 IST" skipped="0">
  <testcase classname="Runner.ProfilePictureRunner" name="runScenario" time="0.135"/>
  <system-out/>
  <testcase classname="Runner.ProfilePictureRunner" name="runScenario" time="0.057"/>
  <system-out/>
  <testcase classname="Runner.ProfilePictureRunner" name="runScenario" time="0.203"/>
  <system-out/>
</testsuite> <!-- Runner.ProfilePictureRunner -->
